<?xml version="1.0" encoding="UTF-8"?><testsuite errors="0" failures="0" name="com.bestbuy.bestbuyinfo.StoreCRUDTest" skipped="0" tests="4" time="5.19" timestamp="2023-01-13T23:30:35.382Z[Europe/London]"><testcase classname="com.bestbuy.bestbuyinfo.StoreCRUDTest" name="This will create new  store"/><testcase classname="com.bestbuy.bestbuyinfo.StoreCRUDTest" name="Getting the store information with Name:"/><testcase classname="com.bestbuy.bestbuyinfo.StoreCRUDTest" name="Updating store information and verify the updated information"/><testcase classname="com.bestbuy.bestbuyinfo.StoreCRUDTest" name="Deleting store with id and verify that user is deleted"/></testsuite>